1536916427543	geckodriver	INFO	geckodriver 0.21.0
1536916427565	geckodriver	INFO	Listening on 127.0.0.1:51293
1536916428624	mozrunner::runner	INFO	Running command: "/Applications/Firefox.app/Contents/MacOS/firefox-bin" "-marionette" "-headless" "-foreground" "-no-remote" "-profile" "/var/folders/5c/2x5dm3ds60d_cl_13nmxs69m0000gn/T/rust_mozprofile.jwEwASeNEQAm"
*** You are running in headless mode.
1536916430234	Marionette	INFO	Enabled via --marionette
2018-09-14 17:13:52.121 plugin-container[531:8012938] *** CFMessagePort: bootstrap_register(): failed 1100 (0x44c) 'Permission denied', port = 0x7943, name = 'com.apple.tsm.portname'
See /usr/include/servers/bootstrap_defs.h for the error codes.
1536916433428	Marionette	INFO	Listening on port 51307
1536916433476	Marionette	WARN	TLS certificate errors will be ignored for this session
1536916433994	Marionette	DEBUG	Register listener.js for window 2147483649
1536916434062	Marionette	DEBUG	Received DOM event "beforeunload" for "about:blank"
1536916434424	Marionette	DEBUG	Received DOM event "pagehide" for "about:blank"
1536916434425	Marionette	DEBUG	Received DOM event "unload" for "about:blank"
1536916435328	Marionette	DEBUG	Received DOM event "DOMContentLoaded" for "https://www.tianyancha.com/"
1536916436542	Marionette	DEBUG	Received DOM event "pageshow" for "https://www.tianyancha.com/"
*** UTM:SVC TimerManager:registerTimer called after profile-before-change notification. Ignoring timer registration for id: telemetry_modules_ping
1536916480667	geckodriver	INFO	geckodriver 0.21.0
1536916480675	geckodriver	INFO	Listening on 127.0.0.1:51422
1536916481732	mozrunner::runner	INFO	Running command: "/Applications/Firefox.app/Contents/MacOS/firefox-bin" "-marionette" "-headless" "-foreground" "-no-remote" "-profile" "/var/folders/5c/2x5dm3ds60d_cl_13nmxs69m0000gn/T/rust_mozprofile.O9lcKmratnOY"
*** You are running in headless mode.
1536916483556	Marionette	INFO	Enabled via --marionette
2018-09-14 17:14:45.146 plugin-container[676:8014391] *** CFMessagePort: bootstrap_register(): failed 1100 (0x44c) 'Permission denied', port = 0x8103, name = 'com.apple.tsm.portname'
See /usr/include/servers/bootstrap_defs.h for the error codes.
1536916486320	Marionette	INFO	Listening on port 51436
1536916486371	Marionette	WARN	TLS certificate errors will be ignored for this session
1536916486875	Marionette	DEBUG	Register listener.js for window 2147483649
1536916486943	Marionette	DEBUG	Received DOM event "beforeunload" for "about:blank"
1536916487241	Marionette	DEBUG	Received DOM event "pagehide" for "about:blank"
1536916487242	Marionette	DEBUG	Received DOM event "unload" for "about:blank"
1536916487797	Marionette	DEBUG	Received DOM event "DOMContentLoaded" for "https://www.tianyancha.com/"
1536916487801	Marionette	DEBUG	Received DOM event "pageshow" for "https://www.tianyancha.com/"
*** UTM:SVC TimerManager:registerTimer called after profile-before-change notification. Ignoring timer registration for id: telemetry_modules_ping
1536916746617	geckodriver	INFO	geckodriver 0.21.0
1536916746634	geckodriver	INFO	Listening on 127.0.0.1:51694
1536916747671	mozrunner::runner	INFO	Running command: "/Applications/Firefox.app/Contents/MacOS/firefox-bin" "-marionette" "-headless" "-foreground" "-no-remote" "-profile" "/var/folders/5c/2x5dm3ds60d_cl_13nmxs69m0000gn/T/rust_mozprofile.Mgt2KjhTAGKf"
*** You are running in headless mode.
1536916748962	Marionette	INFO	Enabled via --marionette
2018-09-14 17:19:11.097 plugin-container[1099:8020053] *** CFMessagePort: bootstrap_register(): failed 1100 (0x44c) 'Permission denied', port = 0x8e03, name = 'com.apple.tsm.portname'
See /usr/include/servers/bootstrap_defs.h for the error codes.
1536916752506	Marionette	INFO	Listening on port 51707
1536916752616	Marionette	WARN	TLS certificate errors will be ignored for this session
1536916752897	Marionette	DEBUG	Register listener.js for window 2147483649
1536916752954	Marionette	DEBUG	Received DOM event "beforeunload" for "about:blank"
1536916753658	Marionette	DEBUG	Received DOM event "pagehide" for "about:blank"
1536916753659	Marionette	DEBUG	Received DOM event "unload" for "about:blank"
1536916754343	Marionette	DEBUG	Received DOM event "DOMContentLoaded" for "https://www.tianyancha.com/"
1536916754552	Marionette	DEBUG	Received DOM event "pageshow" for "https://www.tianyancha.com/"
*** UTM:SVC TimerManager:registerTimer called after profile-before-change notification. Ignoring timer registration for id: telemetry_modules_ping
1536916849669	geckodriver	INFO	geckodriver 0.21.0
1536916849691	geckodriver	INFO	Listening on 127.0.0.1:51853
1536916850743	mozrunner::runner	INFO	Running command: "/Applications/Firefox.app/Contents/MacOS/firefox-bin" "-marionette" "-headless" "-foreground" "-no-remote" "-profile" "/var/folders/5c/2x5dm3ds60d_cl_13nmxs69m0000gn/T/rust_mozprofile.u3allSnR9xRI"
*** You are running in headless mode.
1536916852390	Marionette	INFO	Enabled via --marionette
2018-09-14 17:20:54.123 plugin-container[1282:8022617] *** CFMessagePort: bootstrap_register(): failed 1100 (0x44c) 'Permission denied', port = 0x7b07, name = 'com.apple.tsm.portname'
See /usr/include/servers/bootstrap_defs.h for the error codes.
1536916855256	Marionette	INFO	Listening on port 51866
1536916855299	Marionette	WARN	TLS certificate errors will be ignored for this session
1536916855750	Marionette	DEBUG	Register listener.js for window 2147483649
1536916855795	Marionette	DEBUG	Received DOM event "beforeunload" for "about:blank"
1536916856109	Marionette	DEBUG	Received DOM event "pagehide" for "about:blank"
1536916856109	Marionette	DEBUG	Received DOM event "unload" for "about:blank"
1536916857165	Marionette	DEBUG	Received DOM event "DOMContentLoaded" for "https://www.tianyancha.com/"
1536916857418	Marionette	DEBUG	Received DOM event "pageshow" for "https://www.tianyancha.com/"
*** UTM:SVC TimerManager:registerTimer called after profile-before-change notification. Ignoring timer registration for id: telemetry_modules_ping
1536916900974	geckodriver	INFO	geckodriver 0.21.0
1536916900986	geckodriver	INFO	Listening on 127.0.0.1:51981
1536916902140	mozrunner::runner	INFO	Running command: "/Applications/Firefox.app/Contents/MacOS/firefox-bin" "-marionette" "-headless" "-foreground" "-no-remote" "-profile" "/var/folders/5c/2x5dm3ds60d_cl_13nmxs69m0000gn/T/rust_mozprofile.FPt0qD2cggtd"
*** You are running in headless mode.
1536916903672	Marionette	INFO	Enabled via --marionette
2018-09-14 17:21:45.083 plugin-container[1399:8024060] *** CFMessagePort: bootstrap_register(): failed 1100 (0x44c) 'Permission denied', port = 0x793f, name = 'com.apple.tsm.portname'
See /usr/include/servers/bootstrap_defs.h for the error codes.
1536916905998	Marionette	INFO	Listening on port 51996
1536916906071	Marionette	WARN	TLS certificate errors will be ignored for this session
1536916906673	Marionette	DEBUG	Register listener.js for window 2147483649
1536916906713	Marionette	DEBUG	Received DOM event "beforeunload" for "about:blank"
1536916907057	Marionette	DEBUG	Received DOM event "pagehide" for "about:blank"
1536916907057	Marionette	DEBUG	Received DOM event "unload" for "about:blank"
1536916907582	Marionette	DEBUG	Received DOM event "DOMContentLoaded" for "https://www.tianyancha.com/"
1536916907586	Marionette	DEBUG	Received DOM event "pageshow" for "https://www.tianyancha.com/"
*** UTM:SVC TimerManager:registerTimer called after profile-before-change notification. Ignoring timer registration for id: telemetry_modules_ping
